<?xml version="1.0" encoding="UTF-8"?>
<!-- Generated by org.testng.reporters.JUnitReportReporter -->
<testsuite hostname="Ram" failures="0" tests="2" name="testngFile.AnnotationClass" time="0.495" errors="0" timestamp="2023-10-17T13:28:52 IST" skipped="0">
  <testcase classname="testngFile.AnnotationClass" name="init1" time="0.042"/>
  <system-out/>
  <testcase classname="testngFile.AnnotationClass" name="init2" time="0.453"/>
  <system-out/>
</testsuite> <!-- testngFile.AnnotationClass -->
