<?xml version="1.0" encoding="UTF-8"?>
<!-- Generated by org.testng.reporters.JUnitReportReporter -->
<testsuite hostname="Ram" failures="0" tests="2" name="testngFile.ClassA" time="0.019" errors="0" timestamp="2023-10-27T09:58:39 IST" skipped="0">
  <testcase classname="testngFile.ClassA" name="Test2" time="0.002"/>
  <system-out/>
  <testcase classname="testngFile.ClassA" name="Test1" time="0.017"/>
  <system-out/>
</testsuite> <!-- testngFile.ClassA -->
