<?xml version="1.0" encoding="UTF-8"?>
<!-- Generated by org.testng.reporters.JUnitReportReporter -->
<testsuite hostname="Ram" failures="0" tests="2" name="testngFile.Grouping" time="0.019" errors="0" timestamp="2023-10-18T18:27:58 IST" skipped="0">
  <testcase classname="testngFile.Grouping" name="initialtest1" time="0.017"/>
  <system-out/>
  <testcase classname="testngFile.Grouping" name="intialtest" time="0.002"/>
  <system-out/>
</testsuite> <!-- testngFile.Grouping -->
