<?xml version="1.0" encoding="UTF-8"?>
<!-- Generated by org.testng.reporters.JUnitReportReporter -->
<testsuite hostname="Ram" failures="0" tests="2" name="selenium.Secondscript" time="0.005" errors="0" timestamp="2023-10-13T08:33:57 IST" skipped="0">
  <testcase classname="selenium.Secondscript" name="QueuePrint" time="0.002"/>
  <system-out/>
  <testcase classname="selenium.Secondscript" name="PrintOne" time="0.003"/>
  <system-out/>
</testsuite> <!-- selenium.Secondscript -->
