<?xml version="1.0" encoding="UTF-8"?>
<!-- Generated by org.testng.reporters.JUnitReportReporter -->
<testsuite hostname="Ram" failures="0" tests="2" name="testngFile.ClassC" time="0.005" errors="0" timestamp="2023-10-27T09:58:39 IST" skipped="0">
  <testcase classname="testngFile.ClassC" name="Test5" time="0.003"/>
  <system-out/>
  <testcase classname="testngFile.ClassC" name="Test6" time="0.002"/>
  <system-out/>
</testsuite> <!-- testngFile.ClassC -->
