<?xml version="1.0" encoding="UTF-8"?>
<!-- Generated by org.testng.reporters.JUnitReportReporter -->
<testsuite hostname="Ram" failures="0" tests="2" name="testngFile.ParameterTestNG" time="0.002" errors="0" timestamp="2023-10-18T18:27:58 IST" skipped="0">
  <testcase classname="testngFile.ParameterTestNG" name="smokeTest" time="0.001"/>
  <system-out/>
  <testcase classname="testngFile.ParameterTestNG" name="regression" time="0.001"/>
  <system-out/>
</testsuite> <!-- testngFile.ParameterTestNG -->
