<?xml version="1.0" encoding="UTF-8"?>
<!-- Generated by org.testng.reporters.JUnitReportReporter -->
<testsuite hostname="Ram" failures="0" tests="5" name="selenium.TestNG" time="0.028" errors="0" timestamp="2023-10-13T08:42:16 IST" skipped="0">
  <testcase classname="selenium.TestNG" name="TestClass" time="0.002"/>
  <system-out/>
  <testcase classname="selenium.TestNG" name="TestClass" time="0.018"/>
  <system-out/>
  <testcase classname="selenium.TestNG" name="TestClass" time="0.002"/>
  <system-out/>
  <testcase classname="selenium.TestNG" name="SecondPrint" time="0.003"/>
  <system-out/>
  <testcase classname="selenium.TestNG" name="ThirdPrint" time="0.003"/>
  <system-out/>
</testsuite> <!-- selenium.TestNG -->
